c:\users\mr. kim\documents\visual studio 2015\projects\2042-구간합 구하기\2042-구간합 구하기\debug\main.obj
c:\users\mr. kim\documents\visual studio 2015\projects\2042-구간합 구하기\2042-구간합 구하기\debug\vc140.pdb
c:\users\mr2d43~1.kim\appdata\local\temp\lnk{a49d1422-8b86-4ff4-96fe-c8731f9c12b2}.tmp
c:\users\mr. kim\documents\visual studio 2015\projects\2042-구간합 구하기\debug\2042-구간합 구하기.ilk
c:\users\mr. kim\documents\visual studio 2015\projects\2042-구간합 구하기\debug\2042-구간합 구하기.exe
c:\users\mr. kim\documents\visual studio 2015\projects\2042-구간합 구하기\debug\2042-구간합 구하기.pdb
c:\users\mr. kim\documents\visual studio 2015\projects\2042-구간합 구하기\2042-구간합 구하기\debug\2042-구간합 구하기.tlog\icl-mcpcom.read.1.tlog
c:\users\mr. kim\documents\visual studio 2015\projects\2042-구간합 구하기\2042-구간합 구하기\debug\2042-구간합 구하기.tlog\icl-mcpcom.write.1.tlog
c:\users\mr. kim\documents\visual studio 2015\projects\2042-구간합 구하기\2042-구간합 구하기\debug\2042-구간합 구하기.tlog\icl.command.1.tlog
c:\users\mr. kim\documents\visual studio 2015\projects\2042-구간합 구하기\2042-구간합 구하기\debug\2042-구간합 구하기.tlog\icl.read.1.tlog
c:\users\mr. kim\documents\visual studio 2015\projects\2042-구간합 구하기\2042-구간합 구하기\debug\2042-구간합 구하기.tlog\icl.read.9.tlog
c:\users\mr. kim\documents\visual studio 2015\projects\2042-구간합 구하기\2042-구간합 구하기\debug\2042-구간합 구하기.tlog\icl.write.1.tlog
c:\users\mr. kim\documents\visual studio 2015\projects\2042-구간합 구하기\2042-구간합 구하기\debug\2042-구간합 구하기.tlog\xilink-link-cvtres.read.1.tlog
c:\users\mr. kim\documents\visual studio 2015\projects\2042-구간합 구하기\2042-구간합 구하기\debug\2042-구간합 구하기.tlog\xilink-link-cvtres.write.1.tlog
c:\users\mr. kim\documents\visual studio 2015\projects\2042-구간합 구하기\2042-구간합 구하기\debug\2042-구간합 구하기.tlog\xilink-link-rc.read.1.tlog
c:\users\mr. kim\documents\visual studio 2015\projects\2042-구간합 구하기\2042-구간합 구하기\debug\2042-구간합 구하기.tlog\xilink-link-rc.write.1.tlog
c:\users\mr. kim\documents\visual studio 2015\projects\2042-구간합 구하기\2042-구간합 구하기\debug\2042-구간합 구하기.tlog\xilink-link.read.1.tlog
c:\users\mr. kim\documents\visual studio 2015\projects\2042-구간합 구하기\2042-구간합 구하기\debug\2042-구간합 구하기.tlog\xilink-link.read.2.tlog
c:\users\mr. kim\documents\visual studio 2015\projects\2042-구간합 구하기\2042-구간합 구하기\debug\2042-구간합 구하기.tlog\xilink-link.write.1.tlog
c:\users\mr. kim\documents\visual studio 2015\projects\2042-구간합 구하기\2042-구간합 구하기\debug\2042-구간합 구하기.tlog\xilink-mcpcom.read.1.tlog
c:\users\mr. kim\documents\visual studio 2015\projects\2042-구간합 구하기\2042-구간합 구하기\debug\2042-구간합 구하기.tlog\xilink-mcpcom.write.1.tlog
c:\users\mr. kim\documents\visual studio 2015\projects\2042-구간합 구하기\2042-구간합 구하기\debug\2042-구간합 구하기.tlog\xilink.command.1.tlog
c:\users\mr. kim\documents\visual studio 2015\projects\2042-구간합 구하기\2042-구간합 구하기\debug\2042-구간합 구하기.tlog\xilink.read.1.tlog
c:\users\mr. kim\documents\visual studio 2015\projects\2042-구간합 구하기\2042-구간합 구하기\debug\2042-구간합 구하기.tlog\xilink.write.1.tlog
